0 verbose cli /Users/OlgaVerbickaa1/.nvm/versions/node/v22.21.1/bin/node /Users/OlgaVerbickaa1/.nvm/versions/node/v22.21.1/bin/npm
1 info using npm@10.9.4
2 info using node@v22.21.1
3 silly config load:file:/Users/OlgaVerbickaa1/.nvm/versions/node/v22.21.1/lib/node_modules/npm/npmrc
4 silly config load:file:/Users/OlgaVerbickaa1/Desktop/Архивы/Проекты/Проекты/avtopit/.npmrc
5 silly config load:file:/Users/OlgaVerbickaa1/.npmrc
6 silly config load:file:/Users/OlgaVerbickaa1/.nvm/versions/node/v22.21.1/etc/npmrc
7 verbose title npm ls socks
8 verbose argv "ls" "socks" "--depth" "2"
9 verbose logfile logs-max:10 dir:/Users/OlgaVerbickaa1/Desktop/Архивы/Проекты/Проекты/avtopit/.npm-cache/_logs/2026-06-28T17_13_58_658Z-
10 verbose logfile /Users/OlgaVerbickaa1/Desktop/Архивы/Проекты/Проекты/avtopit/.npm-cache/_logs/2026-06-28T17_13_58_658Z-debug-0.log
11 silly logfile start cleaning logs, removing 1 files
12 silly packumentCache heap:4345298944 maxSize:1086324736 maxEntrySize:543162368
13 silly logfile done cleaning log files
14 verbose cwd /Users/OlgaVerbickaa1/Desktop/Архивы/Проекты/Проекты/avtopit
15 verbose os Darwin 24.6.0
16 verbose node v22.21.1
17 verbose npm  v10.9.4
18 verbose exit 0
19 info ok
